[2026-05-04 11:08:06] WARNING [liquibase.resource] Cannot handle classloader url file:/usr/lib/jvm/java-8-openjdk-amd64/jre/lib/ext/libatk-wrapper.so: Not a directory: /usr/lib/jvm/java-8-openjdk-amd64/jre/lib/ext/libatk-wrapper.so. Operations that need to list files from this location may not work as expected
java.lang.IllegalArgumentException: Not a directory: /usr/lib/jvm/java-8-openjdk-amd64/jre/lib/ext/libatk-wrapper.so
	at liquibase.resource.DirectoryResourceAccessor.<init>(DirectoryResourceAccessor.java:37)
	at liquibase.resource.DirectoryResourceAccessor.<init>(DirectoryResourceAccessor.java:20)
	at liquibase.resource.DirectoryPathHandler.getResourceAccessor(DirectoryPathHandler.java:48)
	at liquibase.resource.PathHandlerFactory.getResourceAccessor(PathHandlerFactory.java:37)
	at liquibase.resource.ClassLoaderResourceAccessor.configureAdditionalResourceAccessors(ClassLoaderResourceAccessor.java:72)
	at liquibase.resource.ClassLoaderResourceAccessor.configureAdditionalResourceAccessors(ClassLoaderResourceAccessor.java:86)
	at liquibase.resource.ClassLoaderResourceAccessor.configureAdditionalResourceAccessors(ClassLoaderResourceAccessor.java:86)
	at liquibase.resource.ClassLoaderResourceAccessor.init(ClassLoaderResourceAccessor.java:55)
	at liquibase.resource.ClassLoaderResourceAccessor.describeLocations(ClassLoaderResourceAccessor.java:34)
	at liquibase.resource.CompositeResourceAccessor.describeLocations(CompositeResourceAccessor.java:82)
	at liquibase.resource.SearchPathResourceAccessor.<init>(SearchPathResourceAccessor.java:50)
	at liquibase.resource.SearchPathResourceAccessor.<init>(SearchPathResourceAccessor.java:21)
	at liquibase.integration.commandline.LiquibaseCommandLine.configureResourceAccessor(LiquibaseCommandLine.java:837)
	at liquibase.integration.commandline.LiquibaseCommandLine.lambda$configureScope$4(LiquibaseCommandLine.java:693)
	at liquibase.Scope.lambda$child$0(Scope.java:190)
	at liquibase.Scope.child(Scope.java:199)
	at liquibase.Scope.child(Scope.java:189)
	at liquibase.Scope.child(Scope.java:168)
	at liquibase.integration.commandline.LiquibaseCommandLine.configureScope(LiquibaseCommandLine.java:693)
	at liquibase.integration.commandline.LiquibaseCommandLine.lambda$execute$3(LiquibaseCommandLine.java:370)
	at liquibase.Scope.child(Scope.java:199)
	at liquibase.Scope.child(Scope.java:175)
	at liquibase.integration.commandline.LiquibaseCommandLine.execute(LiquibaseCommandLine.java:367)
	at liquibase.integration.commandline.LiquibaseCommandLine.main(LiquibaseCommandLine.java:104)
	at sun.reflect.NativeMethodAccessorImpl.invoke0(Native Method)
	at sun.reflect.NativeMethodAccessorImpl.invoke(NativeMethodAccessorImpl.java:62)
	at sun.reflect.DelegatingMethodAccessorImpl.invoke(DelegatingMethodAccessorImpl.java:43)
	at java.lang.reflect.Method.invoke(Method.java:498)
	at liquibase.integration.commandline.LiquibaseLauncher.main(LiquibaseLauncher.java:116)

[2026-05-04 11:08:06] INFO [liquibase.ui] ####################################################
##   _     _             _ _                      ##
##  | |   (_)           (_) |                     ##
##  | |    _  __ _ _   _ _| |__   __ _ ___  ___   ##
##  | |   | |/ _` | | | | | '_ \ / _` / __|/ _ \  ##
##  | |___| | (_| | |_| | | |_) | (_| \__ \  __/  ##
##  \_____/_|\__, |\__,_|_|_.__/ \__,_|___/\___|  ##
##              | |                               ##
##              |_|                               ##
##                                                ## 
##  Get documentation at docs.liquibase.com       ##
##  Get certified courses at learn.liquibase.com  ## 
##                                                ##
####################################################
Starting Liquibase at 11:08:06 (version 4.27.0 #1525 built at 2024-03-25 17:08+0000)
[2026-05-04 11:08:06] INFO [liquibase.ui] Liquibase Version: 4.27.0
[2026-05-04 11:08:06] INFO [liquibase.ui] Liquibase Open Source 4.27.0 by Liquibase
[2026-05-04 11:08:06] INFO [liquibase.integration] Starting command execution.
[2026-05-04 11:08:06] WARNING [liquibase.command] Ignoring the global liquibase.driver value in favor of the command value.
[2026-05-04 11:08:06] INFO [liquibase.database] Set default schema name to public
[2026-05-04 11:08:07] INFO [liquibase.changelog] Creating database history table with name: public.databasechangelog
[2026-05-04 11:08:07] INFO [liquibase.changelog] Reading from public.databasechangelog
[2026-05-04 11:08:07] INFO [liquibase.command] Command execution complete
[2026-05-04 11:08:07] INFO [liquibase.ui] Logs saved to liquibase-run.log
[2026-05-04 11:08:07] INFO [liquibase.ui] Liquibase command 'status' was executed successfully.
[2026-05-04 11:08:09] WARNING [liquibase.resource] Cannot handle classloader url file:/usr/lib/jvm/java-8-openjdk-amd64/jre/lib/ext/libatk-wrapper.so: Not a directory: /usr/lib/jvm/java-8-openjdk-amd64/jre/lib/ext/libatk-wrapper.so. Operations that need to list files from this location may not work as expected
java.lang.IllegalArgumentException: Not a directory: /usr/lib/jvm/java-8-openjdk-amd64/jre/lib/ext/libatk-wrapper.so
	at liquibase.resource.DirectoryResourceAccessor.<init>(DirectoryResourceAccessor.java:37)
	at liquibase.resource.DirectoryResourceAccessor.<init>(DirectoryResourceAccessor.java:20)
	at liquibase.resource.DirectoryPathHandler.getResourceAccessor(DirectoryPathHandler.java:48)
	at liquibase.resource.PathHandlerFactory.getResourceAccessor(PathHandlerFactory.java:37)
	at liquibase.resource.ClassLoaderResourceAccessor.configureAdditionalResourceAccessors(ClassLoaderResourceAccessor.java:72)
	at liquibase.resource.ClassLoaderResourceAccessor.configureAdditionalResourceAccessors(ClassLoaderResourceAccessor.java:86)
	at liquibase.resource.ClassLoaderResourceAccessor.configureAdditionalResourceAccessors(ClassLoaderResourceAccessor.java:86)
	at liquibase.resource.ClassLoaderResourceAccessor.init(ClassLoaderResourceAccessor.java:55)
	at liquibase.resource.ClassLoaderResourceAccessor.describeLocations(ClassLoaderResourceAccessor.java:34)
	at liquibase.resource.CompositeResourceAccessor.describeLocations(CompositeResourceAccessor.java:82)
	at liquibase.resource.SearchPathResourceAccessor.<init>(SearchPathResourceAccessor.java:50)
	at liquibase.resource.SearchPathResourceAccessor.<init>(SearchPathResourceAccessor.java:21)
	at liquibase.integration.commandline.LiquibaseCommandLine.configureResourceAccessor(LiquibaseCommandLine.java:837)
	at liquibase.integration.commandline.LiquibaseCommandLine.lambda$configureScope$4(LiquibaseCommandLine.java:693)
	at liquibase.Scope.lambda$child$0(Scope.java:190)
	at liquibase.Scope.child(Scope.java:199)
	at liquibase.Scope.child(Scope.java:189)
	at liquibase.Scope.child(Scope.java:168)
	at liquibase.integration.commandline.LiquibaseCommandLine.configureScope(LiquibaseCommandLine.java:693)
	at liquibase.integration.commandline.LiquibaseCommandLine.lambda$execute$3(LiquibaseCommandLine.java:370)
	at liquibase.Scope.child(Scope.java:199)
	at liquibase.Scope.child(Scope.java:175)
	at liquibase.integration.commandline.LiquibaseCommandLine.execute(LiquibaseCommandLine.java:367)
	at liquibase.integration.commandline.LiquibaseCommandLine.main(LiquibaseCommandLine.java:104)
	at sun.reflect.NativeMethodAccessorImpl.invoke0(Native Method)
	at sun.reflect.NativeMethodAccessorImpl.invoke(NativeMethodAccessorImpl.java:62)
	at sun.reflect.DelegatingMethodAccessorImpl.invoke(DelegatingMethodAccessorImpl.java:43)
	at java.lang.reflect.Method.invoke(Method.java:498)
	at liquibase.integration.commandline.LiquibaseLauncher.main(LiquibaseLauncher.java:116)

[2026-05-04 11:08:09] INFO [liquibase.ui] ####################################################
##   _     _             _ _                      ##
##  | |   (_)           (_) |                     ##
##  | |    _  __ _ _   _ _| |__   __ _ ___  ___   ##
##  | |   | |/ _` | | | | | '_ \ / _` / __|/ _ \  ##
##  | |___| | (_| | |_| | | |_) | (_| \__ \  __/  ##
##  \_____/_|\__, |\__,_|_|_.__/ \__,_|___/\___|  ##
##              | |                               ##
##              |_|                               ##
##                                                ## 
##  Get documentation at docs.liquibase.com       ##
##  Get certified courses at learn.liquibase.com  ## 
##                                                ##
####################################################
Starting Liquibase at 11:08:09 (version 4.27.0 #1525 built at 2024-03-25 17:08+0000)
[2026-05-04 11:08:09] INFO [liquibase.ui] Liquibase Version: 4.27.0
[2026-05-04 11:08:09] INFO [liquibase.ui] Liquibase Open Source 4.27.0 by Liquibase
[2026-05-04 11:08:09] INFO [liquibase.integration] Starting command execution.
[2026-05-04 11:08:09] WARNING [liquibase.command] Ignoring the global liquibase.driver value in favor of the command value.
[2026-05-04 11:08:09] INFO [liquibase.database] Set default schema name to public
[2026-05-04 11:08:09] INFO [liquibase.changelog] Reading from public.databasechangelog
[2026-05-04 11:08:09] INFO [liquibase.lockservice] Successfully acquired change log lock
[2026-05-04 11:08:09] INFO [liquibase.command] Using deploymentId: 7872189957
[2026-05-04 11:08:09] INFO [liquibase.changelog] Reading from public.databasechangelog
[2026-05-04 11:08:09] INFO [liquibase.ui] Running Changeset: changelogs/db.changelog-master.xml::1::sam
[2026-05-04 11:08:10] WARNING [liquibase.executor] relation "users" already exists, skipping
[2026-05-04 11:08:10] INFO [liquibase.changelog] SQL in file ../sql-scripts/V1__create_users_table.sql executed
[2026-05-04 11:08:10] INFO [liquibase.changelog] ChangeSet changelogs/db.changelog-master.xml::1::sam ran successfully in 23ms
[2026-05-04 11:08:10] INFO [liquibase.ui] Running Changeset: changelogs/db.changelog-master.xml::2::sam
[2026-05-04 11:08:10] WARNING [liquibase.executor] column "email" of relation "users" already exists, skipping
[2026-05-04 11:08:10] INFO [liquibase.changelog] SQL in file ../sql-scripts/V2__add_email_column.sql executed
[2026-05-04 11:08:10] INFO [liquibase.changelog] ChangeSet changelogs/db.changelog-master.xml::2::sam ran successfully in 12ms
[2026-05-04 11:08:10] INFO [liquibase.ui] Running Changeset: changelogs/db.changelog-master.xml::3::sam
[2026-05-04 11:08:10] WARNING [liquibase.executor] relation "products" already exists, skipping
[2026-05-04 11:08:10] INFO [liquibase.changelog] SQL in file ../sql-scripts/V3__create_products_table.sql executed
[2026-05-04 11:08:10] INFO [liquibase.changelog] ChangeSet changelogs/db.changelog-master.xml::3::sam ran successfully in 9ms
[2026-05-04 11:08:10] INFO [liquibase.util] UPDATE SUMMARY
[2026-05-04 11:08:10] INFO [liquibase.util] Run:                          3
[2026-05-04 11:08:10] INFO [liquibase.util] Previously run:               0
[2026-05-04 11:08:10] INFO [liquibase.util] Filtered out:                 0
[2026-05-04 11:08:10] INFO [liquibase.util] -------------------------------
[2026-05-04 11:08:10] INFO [liquibase.util] Total change sets:            3
[2026-05-04 11:08:10] INFO [liquibase.util] Update summary generated
[2026-05-04 11:08:10] INFO [liquibase.command] Update command completed successfully.
[2026-05-04 11:08:10] INFO [liquibase.ui] Liquibase: Update has been successful. Rows affected: 3
[2026-05-04 11:08:10] INFO [liquibase.lockservice] Successfully released change log lock
[2026-05-04 11:08:10] INFO [liquibase.command] Command execution complete
[2026-05-04 11:08:10] INFO [liquibase.ui] Logs saved to liquibase-run.log
[2026-05-04 11:08:10] INFO [liquibase.ui] Liquibase command 'update' was executed successfully.
